{"C:\\Users\\acasa\\Desktop\\ENGINYERIA INFORMATICA UAB\\4t CURS\\TFG\\project\\backend\\controllers\\ingredient.controller.js": {"path":"C:\\Users\\acasa\\Desktop\\ENGINYERIA INFORMATICA UAB\\4t CURS\\TFG\\project\\backend\\controllers\\ingredient.controller.js","statementMap":{"0":{"start":{"line":1,"column":15},"end":{"line":1,"column":46}},"1":{"start":{"line":3,"column":23},"end":{"line":14,"column":1}},"2":{"start":{"line":4,"column":21},"end":{"line":4,"column":61}},"3":{"start":{"line":5,"column":24},"end":{"line":12,"column":6}},"4":{"start":{"line":6,"column":21},"end":{"line":6,"column":31}},"5":{"start":{"line":7,"column":8},"end":{"line":11,"column":9}},"6":{"start":{"line":13,"column":4},"end":{"line":13,"column":37}},"7":{"start":{"line":16,"column":24},"end":{"line":20,"column":1}},"8":{"start":{"line":17,"column":25},"end":{"line":17,"column":47}},"9":{"start":{"line":19,"column":4},"end":{"line":19,"column":42}},"10":{"start":{"line":22,"column":22},"end":{"line":39,"column":1}},"11":{"start":{"line":23,"column":24},"end":{"line":23,"column":32}},"12":{"start":{"line":24,"column":27},"end":{"line":24,"column":35}},"13":{"start":{"line":26,"column":25},"end":{"line":26,"column":47}},"14":{"start":{"line":28,"column":29},"end":{"line":28,"column":83}},"15":{"start":{"line":28,"column":57},"end":{"line":28,"column":82}},"16":{"start":{"line":30,"column":4},"end":{"line":38,"column":5}},"17":{"start":{"line":31,"column":8},"end":{"line":31,"column":94}},"18":{"start":{"line":33,"column":8},"end":{"line":33,"column":37}},"19":{"start":{"line":35,"column":8},"end":{"line":35,"column":89}},"20":{"start":{"line":37,"column":8},"end":{"line":37,"column":46}},"21":{"start":{"line":41,"column":25},"end":{"line":51,"column":1}},"22":{"start":{"line":42,"column":30},"end":{"line":42,"column":38}},"23":{"start":{"line":43,"column":24},"end":{"line":43,"column":32}},"24":{"start":{"line":44,"column":25},"end":{"line":44,"column":47}},"25":{"start":{"line":46,"column":28},"end":{"line":46,"column":84}},"26":{"start":{"line":46,"column":58},"end":{"line":46,"column":83}},"27":{"start":{"line":48,"column":4},"end":{"line":48,"column":88}},"28":{"start":{"line":50,"column":4},"end":{"line":50,"column":59}},"29":{"start":{"line":53,"column":34},"end":{"line":98,"column":1}},"30":{"start":{"line":54,"column":4},"end":{"line":97,"column":5}},"31":{"start":{"line":55,"column":26},"end":{"line":55,"column":34}},"32":{"start":{"line":58,"column":26},"end":{"line":64,"column":9}},"33":{"start":{"line":61,"column":20},"end":{"line":61,"column":96}},"34":{"start":{"line":61,"column":57},"end":{"line":61,"column":95}},"35":{"start":{"line":61,"column":78},"end":{"line":61,"column":94}},"36":{"start":{"line":67,"column":32},"end":{"line":67,"column":93}},"37":{"start":{"line":67,"column":54},"end":{"line":67,"column":92}},"38":{"start":{"line":68,"column":32},"end":{"line":68,"column":66}},"39":{"start":{"line":69,"column":27},"end":{"line":69,"column":110}},"40":{"start":{"line":69,"column":62},"end":{"line":69,"column":108}},"41":{"start":{"line":72,"column":41},"end":{"line":72,"column":104}},"42":{"start":{"line":72,"column":72},"end":{"line":72,"column":103}},"43":{"start":{"line":75,"column":37},"end":{"line":75,"column":68}},"44":{"start":{"line":78,"column":34},"end":{"line":78,"column":36}},"45":{"start":{"line":79,"column":24},"end":{"line":79,"column":33}},"46":{"start":{"line":81,"column":8},"end":{"line":86,"column":9}},"47":{"start":{"line":82,"column":12},"end":{"line":85,"column":13}},"48":{"start":{"line":83,"column":16},"end":{"line":83,"column":42}},"49":{"start":{"line":84,"column":16},"end":{"line":84,"column":50}},"50":{"start":{"line":88,"column":8},"end":{"line":88,"column":104}},"51":{"start":{"line":90,"column":8},"end":{"line":93,"column":10}},"52":{"start":{"line":95,"column":8},"end":{"line":95,"column":28}},"53":{"start":{"line":96,"column":8},"end":{"line":96,"column":76}},"54":{"start":{"line":100,"column":26},"end":{"line":114,"column":1}},"55":{"start":{"line":101,"column":4},"end":{"line":113,"column":5}},"56":{"start":{"line":102,"column":26},"end":{"line":102,"column":34}},"57":{"start":{"line":104,"column":8},"end":{"line":104,"column":89}},"58":{"start":{"line":106,"column":8},"end":{"line":109,"column":10}},"59":{"start":{"line":111,"column":8},"end":{"line":111,"column":28}},"60":{"start":{"line":112,"column":8},"end":{"line":112,"column":76}},"61":{"start":{"line":116,"column":0},"end":{"line":123,"column":1}}},"fnMap":{"0":{"name":"(anonymous_0)","decl":{"start":{"line":3,"column":23},"end":{"line":3,"column":24}},"loc":{"start":{"line":3,"column":43},"end":{"line":14,"column":1}},"line":3},"1":{"name":"(anonymous_1)","decl":{"start":{"line":5,"column":42},"end":{"line":5,"column":43}},"loc":{"start":{"line":5,"column":51},"end":{"line":12,"column":5}},"line":5},"2":{"name":"(anonymous_2)","decl":{"start":{"line":16,"column":24},"end":{"line":16,"column":25}},"loc":{"start":{"line":16,"column":44},"end":{"line":20,"column":1}},"line":16},"3":{"name":"(anonymous_3)","decl":{"start":{"line":22,"column":22},"end":{"line":22,"column":23}},"loc":{"start":{"line":22,"column":42},"end":{"line":39,"column":1}},"line":22},"4":{"name":"(anonymous_4)","decl":{"start":{"line":28,"column":47},"end":{"line":28,"column":48}},"loc":{"start":{"line":28,"column":57},"end":{"line":28,"column":82}},"line":28},"5":{"name":"(anonymous_5)","decl":{"start":{"line":41,"column":25},"end":{"line":41,"column":26}},"loc":{"start":{"line":41,"column":45},"end":{"line":51,"column":1}},"line":41},"6":{"name":"(anonymous_6)","decl":{"start":{"line":46,"column":48},"end":{"line":46,"column":49}},"loc":{"start":{"line":46,"column":58},"end":{"line":46,"column":83}},"line":46},"7":{"name":"(anonymous_7)","decl":{"start":{"line":53,"column":34},"end":{"line":53,"column":35}},"loc":{"start":{"line":53,"column":54},"end":{"line":98,"column":1}},"line":53},"8":{"name":"(anonymous_8)","decl":{"start":{"line":60,"column":61},"end":{"line":60,"column":62}},"loc":{"start":{"line":61,"column":20},"end":{"line":61,"column":96}},"line":61},"9":{"name":"(anonymous_9)","decl":{"start":{"line":61,"column":47},"end":{"line":61,"column":48}},"loc":{"start":{"line":61,"column":57},"end":{"line":61,"column":95}},"line":61},"10":{"name":"(anonymous_10)","decl":{"start":{"line":61,"column":66},"end":{"line":61,"column":67}},"loc":{"start":{"line":61,"column":78},"end":{"line":61,"column":94}},"line":61},"11":{"name":"(anonymous_11)","decl":{"start":{"line":67,"column":46},"end":{"line":67,"column":47}},"loc":{"start":{"line":67,"column":54},"end":{"line":67,"column":92}},"line":67},"12":{"name":"(anonymous_12)","decl":{"start":{"line":69,"column":47},"end":{"line":69,"column":48}},"loc":{"start":{"line":69,"column":62},"end":{"line":69,"column":108}},"line":69},"13":{"name":"(anonymous_13)","decl":{"start":{"line":72,"column":60},"end":{"line":72,"column":61}},"loc":{"start":{"line":72,"column":72},"end":{"line":72,"column":103}},"line":72},"14":{"name":"(anonymous_14)","decl":{"start":{"line":100,"column":26},"end":{"line":100,"column":27}},"loc":{"start":{"line":100,"column":46},"end":{"line":114,"column":1}},"line":100}},"branchMap":{"0":{"loc":{"start":{"line":30,"column":4},"end":{"line":38,"column":5}},"type":"if","locations":[{"start":{"line":30,"column":4},"end":{"line":38,"column":5}},{"start":{"line":32,"column":11},"end":{"line":38,"column":5}}],"line":30},"1":{"loc":{"start":{"line":72,"column":72},"end":{"line":72,"column":103}},"type":"binary-expr","locations":[{"start":{"line":72,"column":72},"end":{"line":72,"column":97}},{"start":{"line":72,"column":101},"end":{"line":72,"column":103}}],"line":72},"2":{"loc":{"start":{"line":82,"column":12},"end":{"line":85,"column":13}},"type":"if","locations":[{"start":{"line":82,"column":12},"end":{"line":85,"column":13}},{"start":{},"end":{}}],"line":82}},"s":{"0":1,"1":1,"2":1,"3":1,"4":1,"5":1,"6":1,"7":1,"8":1,"9":1,"10":1,"11":0,"12":0,"13":0,"14":0,"15":0,"16":0,"17":0,"18":0,"19":0,"20":0,"21":1,"22":0,"23":0,"24":0,"25":0,"26":0,"27":0,"28":0,"29":1,"30":0,"31":0,"32":0,"33":0,"34":0,"35":0,"36":0,"37":0,"38":0,"39":0,"40":0,"41":0,"42":0,"43":0,"44":0,"45":0,"46":0,"47":0,"48":0,"49":0,"50":0,"51":0,"52":0,"53":0,"54":1,"55":0,"56":0,"57":0,"58":0,"59":0,"60":0,"61":1},"f":{"0":1,"1":1,"2":1,"3":0,"4":0,"5":0,"6":0,"7":0,"8":0,"9":0,"10":0,"11":0,"12":0,"13":0,"14":0},"b":{"0":[0,0],"1":[0,0],"2":[0,0]},"_coverageSchema":"1a1c01bbd47fc00a2c39e90264f33305004495a9","hash":"7db50e0cd1eb1a5921be116eaa2e413cc595883c"}
,"C:\\Users\\acasa\\Desktop\\ENGINYERIA INFORMATICA UAB\\4t CURS\\TFG\\project\\backend\\controllers\\planning.controller.js": {"path":"C:\\Users\\acasa\\Desktop\\ENGINYERIA INFORMATICA UAB\\4t CURS\\TFG\\project\\backend\\controllers\\planning.controller.js","statementMap":{"0":{"start":{"line":1,"column":23},"end":{"line":1,"column":57}},"1":{"start":{"line":2,"column":15},"end":{"line":2,"column":46}},"2":{"start":{"line":4,"column":20},"end":{"line":9,"column":1}},"3":{"start":{"line":5,"column":24},"end":{"line":5,"column":32}},"4":{"start":{"line":6,"column":16},"end":{"line":6,"column":63}},"5":{"start":{"line":7,"column":17},"end":{"line":7,"column":27}},"6":{"start":{"line":8,"column":4},"end":{"line":8,"column":42}},"7":{"start":{"line":11,"column":23},"end":{"line":19,"column":1}},"8":{"start":{"line":12,"column":24},"end":{"line":12,"column":32}},"9":{"start":{"line":14,"column":26},"end":{"line":14,"column":42}},"10":{"start":{"line":16,"column":4},"end":{"line":16,"column":98}},"11":{"start":{"line":18,"column":4},"end":{"line":18,"column":39}},"12":{"start":{"line":21,"column":16},"end":{"line":39,"column":1}},"13":{"start":{"line":22,"column":24},"end":{"line":22,"column":32}},"14":{"start":{"line":23,"column":78},"end":{"line":23,"column":86}},"15":{"start":{"line":24,"column":20},"end":{"line":29,"column":5}},"16":{"start":{"line":31,"column":16},"end":{"line":31,"column":63}},"17":{"start":{"line":32,"column":17},"end":{"line":32,"column":27}},"18":{"start":{"line":34,"column":4},"end":{"line":34,"column":45}},"19":{"start":{"line":36,"column":4},"end":{"line":36,"column":87}},"20":{"start":{"line":38,"column":4},"end":{"line":38,"column":30}},"21":{"start":{"line":41,"column":19},"end":{"line":55,"column":1}},"22":{"start":{"line":42,"column":24},"end":{"line":42,"column":32}},"23":{"start":{"line":43,"column":37},"end":{"line":43,"column":45}},"24":{"start":{"line":45,"column":16},"end":{"line":45,"column":63}},"25":{"start":{"line":46,"column":17},"end":{"line":46,"column":27}},"26":{"start":{"line":48,"column":21},"end":{"line":48,"column":95}},"27":{"start":{"line":48,"column":66},"end":{"line":48,"column":94}},"28":{"start":{"line":50,"column":4},"end":{"line":50,"column":42}},"29":{"start":{"line":52,"column":4},"end":{"line":52,"column":87}},"30":{"start":{"line":54,"column":4},"end":{"line":54,"column":30}},"31":{"start":{"line":57,"column":0},"end":{"line":57,"column":69}}},"fnMap":{"0":{"name":"(anonymous_0)","decl":{"start":{"line":4,"column":20},"end":{"line":4,"column":21}},"loc":{"start":{"line":4,"column":40},"end":{"line":9,"column":1}},"line":4},"1":{"name":"(anonymous_1)","decl":{"start":{"line":11,"column":23},"end":{"line":11,"column":24}},"loc":{"start":{"line":11,"column":43},"end":{"line":19,"column":1}},"line":11},"2":{"name":"(anonymous_2)","decl":{"start":{"line":21,"column":16},"end":{"line":21,"column":17}},"loc":{"start":{"line":21,"column":36},"end":{"line":39,"column":1}},"line":21},"3":{"name":"(anonymous_3)","decl":{"start":{"line":41,"column":19},"end":{"line":41,"column":20}},"loc":{"start":{"line":41,"column":39},"end":{"line":55,"column":1}},"line":41},"4":{"name":"(anonymous_4)","decl":{"start":{"line":48,"column":56},"end":{"line":48,"column":57}},"loc":{"start":{"line":48,"column":66},"end":{"line":48,"column":94}},"line":48}},"branchMap":{},"s":{"0":1,"1":1,"2":1,"3":1,"4":1,"5":1,"6":1,"7":1,"8":1,"9":1,"10":1,"11":1,"12":1,"13":1,"14":1,"15":1,"16":1,"17":1,"18":1,"19":1,"20":1,"21":1,"22":1,"23":1,"24":1,"25":1,"26":1,"27":2,"28":1,"29":1,"30":1,"31":1},"f":{"0":1,"1":1,"2":1,"3":1,"4":2},"b":{},"_coverageSchema":"1a1c01bbd47fc00a2c39e90264f33305004495a9","hash":"f224be8d1aeb3daba067a42710564a5f95d07ec3"}
,"C:\\Users\\acasa\\Desktop\\ENGINYERIA INFORMATICA UAB\\4t CURS\\TFG\\project\\backend\\controllers\\recipe.controller.js": {"path":"C:\\Users\\acasa\\Desktop\\ENGINYERIA INFORMATICA UAB\\4t CURS\\TFG\\project\\backend\\controllers\\recipe.controller.js","statementMap":{"0":{"start":{"line":1,"column":67},"end":{"line":1,"column":98}},"1":{"start":{"line":2,"column":25},"end":{"line":2,"column":57}},"2":{"start":{"line":4,"column":19},"end":{"line":18,"column":1}},"3":{"start":{"line":5,"column":21},"end":{"line":5,"column":57}},"4":{"start":{"line":6,"column":20},"end":{"line":16,"column":6}},"5":{"start":{"line":7,"column":21},"end":{"line":7,"column":31}},"6":{"start":{"line":8,"column":8},"end":{"line":15,"column":9}},"7":{"start":{"line":17,"column":4},"end":{"line":17,"column":33}},"8":{"start":{"line":20,"column":23},"end":{"line":41,"column":1}},"9":{"start":{"line":21,"column":24},"end":{"line":21,"column":32}},"10":{"start":{"line":22,"column":21},"end":{"line":22,"column":57}},"11":{"start":{"line":23,"column":23},"end":{"line":34,"column":6}},"12":{"start":{"line":24,"column":21},"end":{"line":24,"column":31}},"13":{"start":{"line":25,"column":8},"end":{"line":33,"column":9}},"14":{"start":{"line":36,"column":20},"end":{"line":38,"column":6}},"15":{"start":{"line":37,"column":8},"end":{"line":37,"column":41}},"16":{"start":{"line":40,"column":4},"end":{"line":40,"column":33}},"17":{"start":{"line":43,"column":18},"end":{"line":75,"column":1}},"18":{"start":{"line":44,"column":26},"end":{"line":44,"column":36}},"19":{"start":{"line":46,"column":4},"end":{"line":74,"column":5}},"20":{"start":{"line":49,"column":8},"end":{"line":64,"column":9}},"21":{"start":{"line":50,"column":23},"end":{"line":50,"column":42}},"22":{"start":{"line":52,"column":27},"end":{"line":52,"column":82}},"23":{"start":{"line":53,"column":12},"end":{"line":53,"column":34}},"24":{"start":{"line":56,"column":29},"end":{"line":56,"column":65}},"25":{"start":{"line":57,"column":28},"end":{"line":60,"column":14}},"26":{"start":{"line":58,"column":29},"end":{"line":58,"column":39}},"27":{"start":{"line":59,"column":16},"end":{"line":59,"column":27}},"28":{"start":{"line":61,"column":12},"end":{"line":63,"column":14}},"29":{"start":{"line":62,"column":16},"end":{"line":62,"column":52}},"30":{"start":{"line":66,"column":8},"end":{"line":70,"column":9}},"31":{"start":{"line":67,"column":12},"end":{"line":67,"column":40}},"32":{"start":{"line":69,"column":12},"end":{"line":69,"column":56}},"33":{"start":{"line":72,"column":8},"end":{"line":72,"column":28}},"34":{"start":{"line":73,"column":8},"end":{"line":73,"column":62}},"35":{"start":{"line":77,"column":21},"end":{"line":115,"column":1}},"36":{"start":{"line":78,"column":24},"end":{"line":78,"column":32}},"37":{"start":{"line":79,"column":86},"end":{"line":79,"column":94}},"38":{"start":{"line":80,"column":20},"end":{"line":80,"column":33}},"39":{"start":{"line":82,"column":21},"end":{"line":82,"column":24}},"40":{"start":{"line":83,"column":35},"end":{"line":83,"column":65}},"41":{"start":{"line":84,"column":22},"end":{"line":84,"column":39}},"42":{"start":{"line":85,"column":21},"end":{"line":85,"column":40}},"43":{"start":{"line":86,"column":22},"end":{"line":96,"column":5}},"44":{"start":{"line":100,"column":4},"end":{"line":112,"column":5}},"45":{"start":{"line":101,"column":27},"end":{"line":101,"column":69}},"46":{"start":{"line":102,"column":25},"end":{"line":104,"column":9}},"47":{"start":{"line":105,"column":8},"end":{"line":105,"column":69}},"48":{"start":{"line":106,"column":28},"end":{"line":106,"column":60}},"49":{"start":{"line":108,"column":8},"end":{"line":108,"column":89}},"50":{"start":{"line":110,"column":28},"end":{"line":110,"column":84}},"51":{"start":{"line":111,"column":8},"end":{"line":111,"column":46}},"52":{"start":{"line":114,"column":4},"end":{"line":114,"column":64}},"53":{"start":{"line":117,"column":0},"end":{"line":124,"column":68}},"54":{"start":{"line":124,"column":85},"end":{"line":124,"column":37503}},"55":{"start":{"line":124,"column":89},"end":{"line":124,"column":37492}}},"fnMap":{"0":{"name":"(anonymous_0)","decl":{"start":{"line":4,"column":19},"end":{"line":4,"column":20}},"loc":{"start":{"line":4,"column":39},"end":{"line":18,"column":1}},"line":4},"1":{"name":"(anonymous_1)","decl":{"start":{"line":6,"column":38},"end":{"line":6,"column":39}},"loc":{"start":{"line":6,"column":47},"end":{"line":16,"column":5}},"line":6},"2":{"name":"(anonymous_2)","decl":{"start":{"line":20,"column":23},"end":{"line":20,"column":24}},"loc":{"start":{"line":20,"column":43},"end":{"line":41,"column":1}},"line":20},"3":{"name":"(anonymous_3)","decl":{"start":{"line":23,"column":41},"end":{"line":23,"column":42}},"loc":{"start":{"line":23,"column":50},"end":{"line":34,"column":5}},"line":23},"4":{"name":"(anonymous_4)","decl":{"start":{"line":36,"column":38},"end":{"line":36,"column":39}},"loc":{"start":{"line":36,"column":50},"end":{"line":38,"column":5}},"line":36},"5":{"name":"(anonymous_5)","decl":{"start":{"line":43,"column":18},"end":{"line":43,"column":19}},"loc":{"start":{"line":43,"column":38},"end":{"line":75,"column":1}},"line":43},"6":{"name":"(anonymous_6)","decl":{"start":{"line":57,"column":46},"end":{"line":57,"column":47}},"loc":{"start":{"line":57,"column":55},"end":{"line":60,"column":13}},"line":57},"7":{"name":"(anonymous_7)","decl":{"start":{"line":61,"column":34},"end":{"line":61,"column":35}},"loc":{"start":{"line":61,"column":46},"end":{"line":63,"column":13}},"line":61},"8":{"name":"(anonymous_8)","decl":{"start":{"line":77,"column":21},"end":{"line":77,"column":22}},"loc":{"start":{"line":77,"column":41},"end":{"line":115,"column":1}},"line":77},"9":{"name":"oo_cm","decl":{"start":{"line":124,"column":77},"end":{"line":124,"column":82}},"loc":{"start":{"line":124,"column":84},"end":{"line":124,"column":37504}},"line":124}},"branchMap":{"0":{"loc":{"start":{"line":49,"column":8},"end":{"line":64,"column":9}},"type":"if","locations":[{"start":{"line":49,"column":8},"end":{"line":64,"column":9}},{"start":{"line":54,"column":15},"end":{"line":64,"column":9}}],"line":49},"1":{"loc":{"start":{"line":66,"column":8},"end":{"line":70,"column":9}},"type":"if","locations":[{"start":{"line":66,"column":8},"end":{"line":70,"column":9}},{"start":{"line":68,"column":15},"end":{"line":70,"column":9}}],"line":66},"2":{"loc":{"start":{"line":124,"column":96},"end":{"line":124,"column":37491}},"type":"binary-expr","locations":[{"start":{"line":124,"column":96},"end":{"line":124,"column":133}},{"start":{"line":124,"column":137},"end":{"line":124,"column":37491}}],"line":124}},"s":{"0":1,"1":1,"2":1,"3":1,"4":1,"5":1,"6":1,"7":1,"8":1,"9":1,"10":1,"11":1,"12":2,"13":2,"14":1,"15":2,"16":1,"17":1,"18":3,"19":3,"20":3,"21":1,"22":1,"23":1,"24":2,"25":2,"26":1,"27":1,"28":2,"29":1,"30":3,"31":2,"32":1,"33":0,"34":0,"35":1,"36":2,"37":2,"38":2,"39":2,"40":2,"41":2,"42":2,"43":2,"44":2,"45":2,"46":2,"47":2,"48":1,"49":1,"50":1,"51":1,"52":1,"53":1,"54":1,"55":1},"f":{"0":1,"1":1,"2":1,"3":2,"4":2,"5":3,"6":1,"7":1,"8":2,"9":1},"b":{"0":[1,2],"1":[2,1],"2":[1,1]},"_coverageSchema":"1a1c01bbd47fc00a2c39e90264f33305004495a9","hash":"e3a5880bfbf2b4b10bd00c5686ba0fe80e223e75"}
}
